<?xml version="1.0" encoding="UTF-8"?>
<testsuites name="alami" time="59.941" tests="3" failures="0" errors="0">
   <testsuite name="alami" tests="3" failures="0" errors="0" time="59.941" skipped="0" timestamp="2022-05-23 18:55:07" hostname="chand - DESKTOP-656R2FG" id="Test Suites/alami">
      <properties>
         <property name="deviceName" value=""/>
         <property name="devicePlatform" value=""/>
         <property name="logFolder" value="C:\\Users\\chand\\git\\ALAMI_SHARIA\\Reports\\20220523_185503\\alami\\20220523_185503"/>
         <property name="logFiles" value="C:\\Users\\chand\\git\\ALAMI_SHARIA\\Reports\\20220523_185503\\alami\\20220523_185503\\execution0.log"/>
         <property name="attachments" value=""/>
         <property name="hostName" value="chand - DESKTOP-656R2FG"/>
         <property name="os" value="Windows 10 64bit"/>
         <property name="katalonVersion" value="8.2.5.208"/>
         <property name="browser" value="Chrome 101.0.4951.67"/>
         <property name="hostAddress" value="192.168.1.16"/>
         <property name="sessionId" value="659f287d7efd47de0814d33721376fc3"/>
         <property name="seleniumVersion" value="3.141.59"/>
         <property name="proxyInformation" value="ProxyInformation { proxyOption=NO_PROXY, proxyServerType=HTTP, username=, password=********, proxyServerAddress=, proxyServerPort=0, executionList=&quot;&quot;, isApplyToDesiredCapabilities=true }"/>
         <property name="platform" value="Windows 10"/>
      </properties>
      <testcase name="Test Cases/regis" time="33.6" classname="Test Cases/regis" status="PASSED">
         <system-out><![CDATA[2022-05-23 18:55:07 - [TEST_CASE][PASSED] - Test Cases/regis: Test Cases/regis

2022-05-23 18:55:08 - [TEST_STEP][PASSED] - openBrowser(""): Browser is opened with url: ''

2022-05-23 18:55:08 - [MESSAGE][INFO] - Starting 'Chrome' driver

2022-05-23 18:55:08 - [MESSAGE][INFO] - Action delay is set to 0 milliseconds

2022-05-23 18:55:11 - [MESSAGE][PASSED] - Browser is opened with url: ''

2022-05-23 18:55:11 - [TEST_STEP][PASSED] - navigateToUrl("https://dev.p2p.alamisharia.co.id/register"): Navigate to 'https://dev.p2p.alamisharia.co.id/register' successfully

2022-05-23 18:55:17 - [MESSAGE][PASSED] - Navigate to 'https://dev.p2p.alamisharia.co.id/register' successfully

2022-05-23 18:55:17 - [TEST_STEP][PASSED] - click(findTestObject("Object Repository/Page_ALAMI Daftar  ALAMI Peer-to-Peer Lendi_33cbd2/div_Pemberi Dana                           _b3d4b2")): Object: 'Object Repository/Page_ALAMI Daftar  ALAMI Peer-to-Peer Lendi_33cbd2/div_Pemberi Dana                           _b3d4b2' is clicked on

2022-05-23 18:55:19 - [MESSAGE][PASSED] - Object: 'Object Repository/Page_ALAMI Daftar  ALAMI Peer-to-Peer Lendi_33cbd2/div_Pemberi Dana                           _b3d4b2' is clicked on

2022-05-23 18:55:19 - [TEST_STEP][PASSED] - setText(findTestObject("Object Repository/Page_Daftar Sebagai Pemberi Dana  ALAMI Pee_40e437/input_Nama Lengkap_name"), "alami321"): Text 'alami321' is set on object 'Object Repository/Page_Daftar Sebagai Pemberi Dana  ALAMI Pee_40e437/input_Nama Lengkap_name'

2022-05-23 18:55:20 - [MESSAGE][PASSED] - Text 'alami321' is set on object 'Object Repository/Page_Daftar Sebagai Pemberi Dana  ALAMI Pee_40e437/input_Nama Lengkap_name'

2022-05-23 18:55:20 - [TEST_STEP][PASSED] - click(findTestObject("Object Repository/Page_Daftar Sebagai Pemberi Dana  ALAMI Pee_40e437/div_Email                                  _515bc9")): Object: 'Object Repository/Page_Daftar Sebagai Pemberi Dana  ALAMI Pee_40e437/div_Email                                  _515bc9' is clicked on

2022-05-23 18:55:20 - [MESSAGE][PASSED] - Object: 'Object Repository/Page_Daftar Sebagai Pemberi Dana  ALAMI Pee_40e437/div_Email                                  _515bc9' is clicked on

2022-05-23 18:55:20 - [TEST_STEP][PASSED] - setText(findTestObject("Object Repository/Page_Daftar Sebagai Pemberi Dana  ALAMI Pee_40e437/input_Nama Lengkap_name"), "alami"): Text 'alami' is set on object 'Object Repository/Page_Daftar Sebagai Pemberi Dana  ALAMI Pee_40e437/input_Nama Lengkap_name'

2022-05-23 18:55:21 - [MESSAGE][PASSED] - Text 'alami' is set on object 'Object Repository/Page_Daftar Sebagai Pemberi Dana  ALAMI Pee_40e437/input_Nama Lengkap_name'

2022-05-23 18:55:21 - [TEST_STEP][PASSED] - Number = Random().nextInt(1000 - 1 + 1) + 10: null

2022-05-23 18:55:21 - [TEST_STEP][PASSED] - Counter1 = "alami" + Number: null

2022-05-23 18:55:21 - [TEST_STEP][PASSED] - email = Counter1 + "@mail7.io": null

2022-05-23 18:55:21 - [TEST_STEP][PASSED] - email = email: null

2022-05-23 18:55:22 - [TEST_STEP][PASSED] - setText(findTestObject("Page_Daftar Sebagai Pemberi Dana  ALAMI Pee_40e437/input_Email_email", [email:email]), email): Text 'alami741@mail7.io' is set on object 'Object Repository/Page_Daftar Sebagai Pemberi Dana  ALAMI Pee_40e437/input_Email_email'

2022-05-23 18:55:22 - [MESSAGE][PASSED] - Text 'alami741@mail7.io' is set on object 'Object Repository/Page_Daftar Sebagai Pemberi Dana  ALAMI Pee_40e437/input_Email_email'

2022-05-23 18:55:22 - [TEST_STEP][PASSED] - Number1 = Random().nextInt(999999999 - 10 + 1) + 10: null

2022-05-23 18:55:22 - [TEST_STEP][PASSED] - phone = "0812" + Number1: null

2022-05-23 18:55:22 - [TEST_STEP][PASSED] - phone = phone: null

2022-05-23 18:55:22 - [TEST_STEP][PASSED] - setText(findTestObject("Page_Daftar Sebagai Pemberi Dana  ALAMI Pee_40e437/input_No. Handphone_phone", [phone:phone]), phone): Text '0812175203875' is set on object 'Object Repository/Page_Daftar Sebagai Pemberi Dana  ALAMI Pee_40e437/input_No. Handphone_phone'

2022-05-23 18:55:23 - [MESSAGE][PASSED] - Text '0812175203875' is set on object 'Object Repository/Page_Daftar Sebagai Pemberi Dana  ALAMI Pee_40e437/input_No. Handphone_phone'

2022-05-23 18:55:23 - [TEST_STEP][PASSED] - setEncryptedText(findTestObject("Object Repository/Page_Daftar Sebagai Pemberi Dana  ALAMI Pee_40e437/input_Password_password"), "qoEw0cfPgy3c6UpBNaFY9w=="): Text ****** has been set on object 'Object Repository/Page_Daftar Sebagai Pemberi Dana  ALAMI Pee_40e437/input_Password_password'

2022-05-23 18:55:24 - [MESSAGE][PASSED] - Text ****** has been set on object 'Object Repository/Page_Daftar Sebagai Pemberi Dana  ALAMI Pee_40e437/input_Password_password'

2022-05-23 18:55:24 - [TEST_STEP][PASSED] - click(findTestObject("Object Repository/Page_Daftar Sebagai Pemberi Dana  ALAMI Pee_40e437/label_Individual")): Object: 'Object Repository/Page_Daftar Sebagai Pemberi Dana  ALAMI Pee_40e437/label_Individual' is clicked on

2022-05-23 18:55:24 - [MESSAGE][PASSED] - Object: 'Object Repository/Page_Daftar Sebagai Pemberi Dana  ALAMI Pee_40e437/label_Individual' is clicked on

2022-05-23 18:55:24 - [TEST_STEP][PASSED] - selectOptionByValue(findTestObject("Object Repository/Page_Daftar Sebagai Pemberi Dana  ALAMI Pee_40e437/select_-- Silahkan Pilih --                _9f24ad"), "2", true): All options with value '2' are selected in object 'Object Repository/Page_Daftar Sebagai Pemberi Dana  ALAMI Pee_40e437/select_-- Silahkan Pilih --                _9f24ad'  using regular expression

2022-05-23 18:55:26 - [MESSAGE][PASSED] - All options with value '2' are selected in object 'Object Repository/Page_Daftar Sebagai Pemberi Dana  ALAMI Pee_40e437/select_-- Silahkan Pilih --                _9f24ad'  using regular expression

2022-05-23 18:55:26 - [TEST_STEP][PASSED] - click(findTestObject("Object Repository/Page_Daftar Sebagai Pemberi Dana  ALAMI Pee_40e437/button_Lanjutkan")): Object: 'Object Repository/Page_Daftar Sebagai Pemberi Dana  ALAMI Pee_40e437/button_Lanjutkan' is clicked on

2022-05-23 18:55:26 - [MESSAGE][PASSED] - Object: 'Object Repository/Page_Daftar Sebagai Pemberi Dana  ALAMI Pee_40e437/button_Lanjutkan' is clicked on

2022-05-23 18:55:26 - [TEST_STEP][PASSED] - click(findTestObject("Object Repository/Page_Daftar Sebagai Pemberi Dana  ALAMI Pee_40e437/h5_Kebijakan Privasi  Ketentuan Pengguna")): Object: 'Object Repository/Page_Daftar Sebagai Pemberi Dana  ALAMI Pee_40e437/h5_Kebijakan Privasi  Ketentuan Pengguna' is clicked on

2022-05-23 18:55:27 - [MESSAGE][PASSED] - Object: 'Object Repository/Page_Daftar Sebagai Pemberi Dana  ALAMI Pee_40e437/h5_Kebijakan Privasi  Ketentuan Pengguna' is clicked on

2022-05-23 18:55:27 - [TEST_STEP][PASSED] - click(findTestObject("Object Repository/Page_Daftar Sebagai Pemberi Dana  ALAMI Pee_40e437/p_Bismillahirrahmanirrahim")): Object: 'Object Repository/Page_Daftar Sebagai Pemberi Dana  ALAMI Pee_40e437/p_Bismillahirrahmanirrahim' is clicked on

2022-05-23 18:55:27 - [MESSAGE][PASSED] - Object: 'Object Repository/Page_Daftar Sebagai Pemberi Dana  ALAMI Pee_40e437/p_Bismillahirrahmanirrahim' is clicked on

2022-05-23 18:55:27 - [TEST_STEP][PASSED] - sendKeys(findTestObject(null), Keys.chord(ALT, DOWN)): Keys 'ALT + DOWN + ' sent to object: 'tempBody'

2022-05-23 18:55:27 - [MESSAGE][WARNING] - Test object id is null

2022-05-23 18:55:27 - [MESSAGE][WARNING] - Test object with id 'Object Repository/' does not exist

2022-05-23 18:55:28 - [MESSAGE][PASSED] - Keys 'ALT + DOWN + ' sent to object: 'tempBody'

2022-05-23 18:55:28 - [TEST_STEP][PASSED] - sendKeys(findTestObject(null), Keys.chord(ALT, DOWN)): Keys 'ALT + DOWN + ' sent to object: 'tempBody'

2022-05-23 18:55:28 - [MESSAGE][WARNING] - Test object id is null

2022-05-23 18:55:28 - [MESSAGE][WARNING] - Test object with id 'Object Repository/' does not exist

2022-05-23 18:55:28 - [MESSAGE][PASSED] - Keys 'ALT + DOWN + ' sent to object: 'tempBody'

2022-05-23 18:55:28 - [TEST_STEP][PASSED] - sendKeys(findTestObject(null), Keys.chord(ALT, DOWN)): Keys 'ALT + DOWN + ' sent to object: 'tempBody'

2022-05-23 18:55:28 - [MESSAGE][WARNING] - Test object id is null

2022-05-23 18:55:28 - [MESSAGE][WARNING] - Test object with id 'Object Repository/' does not exist

2022-05-23 18:55:29 - [MESSAGE][PASSED] - Keys 'ALT + DOWN + ' sent to object: 'tempBody'

2022-05-23 18:55:29 - [TEST_STEP][PASSED] - sendKeys(findTestObject(null), Keys.chord(ALT, DOWN)): Keys 'ALT + DOWN + ' sent to object: 'tempBody'

2022-05-23 18:55:29 - [MESSAGE][WARNING] - Test object id is null

2022-05-23 18:55:29 - [MESSAGE][WARNING] - Test object with id 'Object Repository/' does not exist

2022-05-23 18:55:29 - [MESSAGE][PASSED] - Keys 'ALT + DOWN + ' sent to object: 'tempBody'

2022-05-23 18:55:29 - [TEST_STEP][PASSED] - sendKeys(findTestObject(null), Keys.chord(ALT, DOWN)): Keys 'ALT + DOWN + ' sent to object: 'tempBody'

2022-05-23 18:55:29 - [MESSAGE][WARNING] - Test object id is null

2022-05-23 18:55:29 - [MESSAGE][WARNING] - Test object with id 'Object Repository/' does not exist

2022-05-23 18:55:29 - [MESSAGE][PASSED] - Keys 'ALT + DOWN + ' sent to object: 'tempBody'

2022-05-23 18:55:29 - [TEST_STEP][PASSED] - sendKeys(findTestObject(null), Keys.chord(ALT, DOWN)): Keys 'ALT + DOWN + ' sent to object: 'tempBody'

2022-05-23 18:55:29 - [MESSAGE][WARNING] - Test object id is null

2022-05-23 18:55:29 - [MESSAGE][WARNING] - Test object with id 'Object Repository/' does not exist

2022-05-23 18:55:29 - [MESSAGE][PASSED] - Keys 'ALT + DOWN + ' sent to object: 'tempBody'

2022-05-23 18:55:29 - [TEST_STEP][PASSED] - sendKeys(findTestObject(null), Keys.chord(ALT, DOWN)): Keys 'ALT + DOWN + ' sent to object: 'tempBody'

2022-05-23 18:55:29 - [MESSAGE][WARNING] - Test object id is null

2022-05-23 18:55:29 - [MESSAGE][WARNING] - Test object with id 'Object Repository/' does not exist

2022-05-23 18:55:30 - [MESSAGE][PASSED] - Keys 'ALT + DOWN + ' sent to object: 'tempBody'

2022-05-23 18:55:30 - [TEST_STEP][PASSED] - sendKeys(findTestObject(null), Keys.chord(ALT, DOWN)): Keys 'ALT + DOWN + ' sent to object: 'tempBody'

2022-05-23 18:55:30 - [MESSAGE][WARNING] - Test object id is null

2022-05-23 18:55:30 - [MESSAGE][WARNING] - Test object with id 'Object Repository/' does not exist

2022-05-23 18:55:30 - [MESSAGE][PASSED] - Keys 'ALT + DOWN + ' sent to object: 'tempBody'

2022-05-23 18:55:30 - [TEST_STEP][PASSED] - sendKeys(findTestObject(null), Keys.chord(ALT, DOWN)): Keys 'ALT + DOWN + ' sent to object: 'tempBody'

2022-05-23 18:55:30 - [MESSAGE][WARNING] - Test object id is null

2022-05-23 18:55:30 - [MESSAGE][WARNING] - Test object with id 'Object Repository/' does not exist

2022-05-23 18:55:30 - [MESSAGE][PASSED] - Keys 'ALT + DOWN + ' sent to object: 'tempBody'

2022-05-23 18:55:30 - [TEST_STEP][PASSED] - sendKeys(findTestObject(null), Keys.chord(ALT, DOWN)): Keys 'ALT + DOWN + ' sent to object: 'tempBody'

2022-05-23 18:55:30 - [MESSAGE][WARNING] - Test object id is null

2022-05-23 18:55:30 - [MESSAGE][WARNING] - Test object with id 'Object Repository/' does not exist

2022-05-23 18:55:31 - [MESSAGE][PASSED] - Keys 'ALT + DOWN + ' sent to object: 'tempBody'

2022-05-23 18:55:31 - [TEST_STEP][PASSED] - sendKeys(findTestObject(null), Keys.chord(ALT, DOWN)): Keys 'ALT + DOWN + ' sent to object: 'tempBody'

2022-05-23 18:55:31 - [MESSAGE][WARNING] - Test object id is null

2022-05-23 18:55:31 - [MESSAGE][WARNING] - Test object with id 'Object Repository/' does not exist

2022-05-23 18:55:31 - [MESSAGE][PASSED] - Keys 'ALT + DOWN + ' sent to object: 'tempBody'

2022-05-23 18:55:31 - [TEST_STEP][PASSED] - sendKeys(findTestObject(null), Keys.chord(ALT, DOWN)): Keys 'ALT + DOWN + ' sent to object: 'tempBody'

2022-05-23 18:55:31 - [MESSAGE][WARNING] - Test object id is null

2022-05-23 18:55:31 - [MESSAGE][WARNING] - Test object with id 'Object Repository/' does not exist

2022-05-23 18:55:31 - [MESSAGE][PASSED] - Keys 'ALT + DOWN + ' sent to object: 'tempBody'

2022-05-23 18:55:31 - [TEST_STEP][PASSED] - sendKeys(findTestObject(null), Keys.chord(ALT, DOWN)): Keys 'ALT + DOWN + ' sent to object: 'tempBody'

2022-05-23 18:55:31 - [MESSAGE][WARNING] - Test object id is null

2022-05-23 18:55:31 - [MESSAGE][WARNING] - Test object with id 'Object Repository/' does not exist

2022-05-23 18:55:32 - [MESSAGE][PASSED] - Keys 'ALT + DOWN + ' sent to object: 'tempBody'

2022-05-23 18:55:32 - [TEST_STEP][PASSED] - sendKeys(findTestObject(null), Keys.chord(ALT, DOWN)): Keys 'ALT + DOWN + ' sent to object: 'tempBody'

2022-05-23 18:55:32 - [MESSAGE][WARNING] - Test object id is null

2022-05-23 18:55:32 - [MESSAGE][WARNING] - Test object with id 'Object Repository/' does not exist

2022-05-23 18:55:32 - [MESSAGE][PASSED] - Keys 'ALT + DOWN + ' sent to object: 'tempBody'

2022-05-23 18:55:32 - [TEST_STEP][PASSED] - sendKeys(findTestObject(null), Keys.chord(ALT, DOWN)): Keys 'ALT + DOWN + ' sent to object: 'tempBody'

2022-05-23 18:55:32 - [MESSAGE][WARNING] - Test object id is null

2022-05-23 18:55:32 - [MESSAGE][WARNING] - Test object with id 'Object Repository/' does not exist

2022-05-23 18:55:32 - [MESSAGE][PASSED] - Keys 'ALT + DOWN + ' sent to object: 'tempBody'

2022-05-23 18:55:32 - [TEST_STEP][PASSED] - sendKeys(findTestObject(null), Keys.chord(ALT, DOWN)): Keys 'ALT + DOWN + ' sent to object: 'tempBody'

2022-05-23 18:55:32 - [MESSAGE][WARNING] - Test object id is null

2022-05-23 18:55:32 - [MESSAGE][WARNING] - Test object with id 'Object Repository/' does not exist

2022-05-23 18:55:33 - [MESSAGE][PASSED] - Keys 'ALT + DOWN + ' sent to object: 'tempBody'

2022-05-23 18:55:33 - [TEST_STEP][PASSED] - sendKeys(findTestObject(null), Keys.chord(ALT, DOWN)): Keys 'ALT + DOWN + ' sent to object: 'tempBody'

2022-05-23 18:55:33 - [MESSAGE][WARNING] - Test object id is null

2022-05-23 18:55:33 - [MESSAGE][WARNING] - Test object with id 'Object Repository/' does not exist

2022-05-23 18:55:33 - [MESSAGE][PASSED] - Keys 'ALT + DOWN + ' sent to object: 'tempBody'

2022-05-23 18:55:33 - [TEST_STEP][PASSED] - sendKeys(findTestObject(null), Keys.chord(ALT, DOWN)): Keys 'ALT + DOWN + ' sent to object: 'tempBody'

2022-05-23 18:55:33 - [MESSAGE][WARNING] - Test object id is null

2022-05-23 18:55:33 - [MESSAGE][WARNING] - Test object with id 'Object Repository/' does not exist

2022-05-23 18:55:33 - [MESSAGE][PASSED] - Keys 'ALT + DOWN + ' sent to object: 'tempBody'

2022-05-23 18:55:33 - [TEST_STEP][PASSED] - sendKeys(findTestObject(null), Keys.chord(ALT, DOWN)): Keys 'ALT + DOWN + ' sent to object: 'tempBody'

2022-05-23 18:55:33 - [MESSAGE][WARNING] - Test object id is null

2022-05-23 18:55:33 - [MESSAGE][WARNING] - Test object with id 'Object Repository/' does not exist

2022-05-23 18:55:33 - [MESSAGE][PASSED] - Keys 'ALT + DOWN + ' sent to object: 'tempBody'

2022-05-23 18:55:33 - [TEST_STEP][PASSED] - sendKeys(findTestObject(null), Keys.chord(ALT, DOWN)): Keys 'ALT + DOWN + ' sent to object: 'tempBody'

2022-05-23 18:55:33 - [MESSAGE][WARNING] - Test object id is null

2022-05-23 18:55:33 - [MESSAGE][WARNING] - Test object with id 'Object Repository/' does not exist

2022-05-23 18:55:34 - [MESSAGE][PASSED] - Keys 'ALT + DOWN + ' sent to object: 'tempBody'

2022-05-23 18:55:34 - [TEST_STEP][PASSED] - sendKeys(findTestObject(null), Keys.chord(ALT, DOWN)): Keys 'ALT + DOWN + ' sent to object: 'tempBody'

2022-05-23 18:55:34 - [MESSAGE][WARNING] - Test object id is null

2022-05-23 18:55:34 - [MESSAGE][WARNING] - Test object with id 'Object Repository/' does not exist

2022-05-23 18:55:34 - [MESSAGE][PASSED] - Keys 'ALT + DOWN + ' sent to object: 'tempBody'

2022-05-23 18:55:34 - [TEST_STEP][PASSED] - sendKeys(findTestObject(null), Keys.chord(ALT, DOWN)): Keys 'ALT + DOWN + ' sent to object: 'tempBody'

2022-05-23 18:55:34 - [MESSAGE][WARNING] - Test object id is null

2022-05-23 18:55:34 - [MESSAGE][WARNING] - Test object with id 'Object Repository/' does not exist

2022-05-23 18:55:34 - [MESSAGE][PASSED] - Keys 'ALT + DOWN + ' sent to object: 'tempBody'

2022-05-23 18:55:34 - [TEST_STEP][PASSED] - sendKeys(findTestObject(null), Keys.chord(ALT, DOWN)): Keys 'ALT + DOWN + ' sent to object: 'tempBody'

2022-05-23 18:55:34 - [MESSAGE][WARNING] - Test object id is null

2022-05-23 18:55:34 - [MESSAGE][WARNING] - Test object with id 'Object Repository/' does not exist

2022-05-23 18:55:35 - [MESSAGE][PASSED] - Keys 'ALT + DOWN + ' sent to object: 'tempBody'

2022-05-23 18:55:35 - [TEST_STEP][PASSED] - sendKeys(findTestObject(null), Keys.chord(ALT, DOWN)): Keys 'ALT + DOWN + ' sent to object: 'tempBody'

2022-05-23 18:55:35 - [MESSAGE][WARNING] - Test object id is null

2022-05-23 18:55:35 - [MESSAGE][WARNING] - Test object with id 'Object Repository/' does not exist

2022-05-23 18:55:35 - [MESSAGE][PASSED] - Keys 'ALT + DOWN + ' sent to object: 'tempBody'

2022-05-23 18:55:35 - [TEST_STEP][PASSED] - sendKeys(findTestObject(null), Keys.chord(ALT, DOWN)): Keys 'ALT + DOWN + ' sent to object: 'tempBody'

2022-05-23 18:55:35 - [MESSAGE][WARNING] - Test object id is null

2022-05-23 18:55:35 - [MESSAGE][WARNING] - Test object with id 'Object Repository/' does not exist

2022-05-23 18:55:35 - [MESSAGE][PASSED] - Keys 'ALT + DOWN + ' sent to object: 'tempBody'

2022-05-23 18:55:35 - [TEST_STEP][PASSED] - sendKeys(findTestObject(null), Keys.chord(ALT, DOWN)): Keys 'ALT + DOWN + ' sent to object: 'tempBody'

2022-05-23 18:55:35 - [MESSAGE][WARNING] - Test object id is null

2022-05-23 18:55:35 - [MESSAGE][WARNING] - Test object with id 'Object Repository/' does not exist

2022-05-23 18:55:36 - [MESSAGE][PASSED] - Keys 'ALT + DOWN + ' sent to object: 'tempBody'

2022-05-23 18:55:36 - [TEST_STEP][PASSED] - sendKeys(findTestObject(null), Keys.chord(ALT, DOWN)): Keys 'ALT + DOWN + ' sent to object: 'tempBody'

2022-05-23 18:55:36 - [MESSAGE][WARNING] - Test object id is null

2022-05-23 18:55:36 - [MESSAGE][WARNING] - Test object with id 'Object Repository/' does not exist

2022-05-23 18:55:36 - [MESSAGE][PASSED] - Keys 'ALT + DOWN + ' sent to object: 'tempBody'

2022-05-23 18:55:36 - [TEST_STEP][PASSED] - sendKeys(findTestObject(null), Keys.chord(ALT, DOWN)): Keys 'ALT + DOWN + ' sent to object: 'tempBody'

2022-05-23 18:55:36 - [MESSAGE][WARNING] - Test object id is null

2022-05-23 18:55:36 - [MESSAGE][WARNING] - Test object with id 'Object Repository/' does not exist

2022-05-23 18:55:36 - [MESSAGE][PASSED] - Keys 'ALT + DOWN + ' sent to object: 'tempBody'

2022-05-23 18:55:36 - [TEST_STEP][PASSED] - sendKeys(findTestObject(null), Keys.chord(ALT, DOWN)): Keys 'ALT + DOWN + ' sent to object: 'tempBody'

2022-05-23 18:55:36 - [MESSAGE][WARNING] - Test object id is null

2022-05-23 18:55:36 - [MESSAGE][WARNING] - Test object with id 'Object Repository/' does not exist

2022-05-23 18:55:37 - [MESSAGE][PASSED] - Keys 'ALT + DOWN + ' sent to object: 'tempBody'

2022-05-23 18:55:37 - [TEST_STEP][PASSED] - sendKeys(findTestObject(null), Keys.chord(ALT, DOWN)): Keys 'ALT + DOWN + ' sent to object: 'tempBody'

2022-05-23 18:55:37 - [MESSAGE][WARNING] - Test object id is null

2022-05-23 18:55:37 - [MESSAGE][WARNING] - Test object with id 'Object Repository/' does not exist

2022-05-23 18:55:37 - [MESSAGE][PASSED] - Keys 'ALT + DOWN + ' sent to object: 'tempBody'

2022-05-23 18:55:37 - [TEST_STEP][PASSED] - sendKeys(findTestObject(null), Keys.chord(ALT, DOWN)): Keys 'ALT + DOWN + ' sent to object: 'tempBody'

2022-05-23 18:55:37 - [MESSAGE][WARNING] - Test object id is null

2022-05-23 18:55:37 - [MESSAGE][WARNING] - Test object with id 'Object Repository/' does not exist

2022-05-23 18:55:37 - [MESSAGE][PASSED] - Keys 'ALT + DOWN + ' sent to object: 'tempBody'

2022-05-23 18:55:37 - [TEST_STEP][PASSED] - sendKeys(findTestObject(null), Keys.chord(ALT, DOWN)): Keys 'ALT + DOWN + ' sent to object: 'tempBody'

2022-05-23 18:55:37 - [MESSAGE][WARNING] - Test object id is null

2022-05-23 18:55:37 - [MESSAGE][WARNING] - Test object with id 'Object Repository/' does not exist

2022-05-23 18:55:37 - [MESSAGE][PASSED] - Keys 'ALT + DOWN + ' sent to object: 'tempBody'

2022-05-23 18:55:37 - [TEST_STEP][PASSED] - sendKeys(findTestObject(null), Keys.chord(ALT, DOWN)): Keys 'ALT + DOWN + ' sent to object: 'tempBody'

2022-05-23 18:55:37 - [MESSAGE][WARNING] - Test object id is null

2022-05-23 18:55:37 - [MESSAGE][WARNING] - Test object with id 'Object Repository/' does not exist

2022-05-23 18:55:38 - [MESSAGE][PASSED] - Keys 'ALT + DOWN + ' sent to object: 'tempBody'

2022-05-23 18:55:38 - [TEST_STEP][PASSED] - sendKeys(findTestObject(null), Keys.chord(ALT, DOWN)): Keys 'ALT + DOWN + ' sent to object: 'tempBody'

2022-05-23 18:55:38 - [MESSAGE][WARNING] - Test object id is null

2022-05-23 18:55:38 - [MESSAGE][WARNING] - Test object with id 'Object Repository/' does not exist

2022-05-23 18:55:38 - [MESSAGE][PASSED] - Keys 'ALT + DOWN + ' sent to object: 'tempBody'

2022-05-23 18:55:38 - [TEST_STEP][PASSED] - sendKeys(findTestObject(null), Keys.chord(ALT, DOWN)): Keys 'ALT + DOWN + ' sent to object: 'tempBody'

2022-05-23 18:55:38 - [MESSAGE][WARNING] - Test object id is null

2022-05-23 18:55:38 - [MESSAGE][WARNING] - Test object with id 'Object Repository/' does not exist

2022-05-23 18:55:38 - [MESSAGE][PASSED] - Keys 'ALT + DOWN + ' sent to object: 'tempBody'

2022-05-23 18:55:38 - [TEST_STEP][PASSED] - sendKeys(findTestObject(null), Keys.chord(ALT, DOWN)): Keys 'ALT + DOWN + ' sent to object: 'tempBody'

2022-05-23 18:55:38 - [MESSAGE][WARNING] - Test object id is null

2022-05-23 18:55:38 - [MESSAGE][WARNING] - Test object with id 'Object Repository/' does not exist

2022-05-23 18:55:39 - [MESSAGE][PASSED] - Keys 'ALT + DOWN + ' sent to object: 'tempBody'

2022-05-23 18:55:39 - [TEST_STEP][PASSED] - sendKeys(findTestObject(null), Keys.chord(ALT, DOWN)): Keys 'ALT + DOWN + ' sent to object: 'tempBody'

2022-05-23 18:55:39 - [MESSAGE][WARNING] - Test object id is null

2022-05-23 18:55:39 - [MESSAGE][WARNING] - Test object with id 'Object Repository/' does not exist

2022-05-23 18:55:39 - [MESSAGE][PASSED] - Keys 'ALT + DOWN + ' sent to object: 'tempBody'

2022-05-23 18:55:39 - [TEST_STEP][PASSED] - sendKeys(findTestObject(null), Keys.chord(ALT, DOWN)): Keys 'ALT + DOWN + ' sent to object: 'tempBody'

2022-05-23 18:55:39 - [MESSAGE][WARNING] - Test object id is null

2022-05-23 18:55:39 - [MESSAGE][WARNING] - Test object with id 'Object Repository/' does not exist

2022-05-23 18:55:39 - [MESSAGE][PASSED] - Keys 'ALT + DOWN + ' sent to object: 'tempBody'

2022-05-23 18:55:39 - [TEST_STEP][PASSED] - sendKeys(findTestObject(null), Keys.chord(ALT, DOWN)): Keys 'ALT + DOWN + ' sent to object: 'tempBody'

2022-05-23 18:55:39 - [MESSAGE][WARNING] - Test object id is null

2022-05-23 18:55:39 - [MESSAGE][WARNING] - Test object with id 'Object Repository/' does not exist

2022-05-23 18:55:40 - [MESSAGE][PASSED] - Keys 'ALT + DOWN + ' sent to object: 'tempBody'

2022-05-23 18:55:40 - [TEST_STEP][PASSED] - click(findTestObject("Object Repository/Page_Daftar Sebagai Pemberi Dana  ALAMI Pee_40e437/input_Saya tertarik update info terbaru ALA_1ed3da")): Object: 'Object Repository/Page_Daftar Sebagai Pemberi Dana  ALAMI Pee_40e437/input_Saya tertarik update info terbaru ALA_1ed3da' is clicked on

2022-05-23 18:55:40 - [MESSAGE][PASSED] - Object: 'Object Repository/Page_Daftar Sebagai Pemberi Dana  ALAMI Pee_40e437/input_Saya tertarik update info terbaru ALA_1ed3da' is clicked on

2022-05-23 18:55:40 - [TEST_STEP][PASSED] - click(findTestObject("Object Repository/Page_Daftar Sebagai Pemberi Dana  ALAMI Pee_40e437/input_Saya sudah membaca dan setuju dengan__c3b002")): Object: 'Object Repository/Page_Daftar Sebagai Pemberi Dana  ALAMI Pee_40e437/input_Saya sudah membaca dan setuju dengan__c3b002' is clicked on

2022-05-23 18:55:40 - [MESSAGE][PASSED] - Object: 'Object Repository/Page_Daftar Sebagai Pemberi Dana  ALAMI Pee_40e437/input_Saya sudah membaca dan setuju dengan__c3b002' is clicked on

2022-05-23 18:55:40 - [TEST_STEP][PASSED] - click(findTestObject("Object Repository/Page_Daftar Sebagai Pemberi Dana  ALAMI Pee_40e437/button_Lanjutkan_1")): Object: 'Object Repository/Page_Daftar Sebagai Pemberi Dana  ALAMI Pee_40e437/button_Lanjutkan_1' is clicked on

2022-05-23 18:55:41 - [MESSAGE][PASSED] - Object: 'Object Repository/Page_Daftar Sebagai Pemberi Dana  ALAMI Pee_40e437/button_Lanjutkan_1' is clicked on]]></system-out>
         <system-err><![CDATA[]]></system-err>
      </testcase>
      <testcase name="Test Cases/activation" time="19.676" classname="Test Cases/activation" status="PASSED">
         <system-out><![CDATA[2022-05-23 18:55:41 - [TEST_CASE][PASSED] - Test Cases/activation: Test Cases/activation

2022-05-23 18:55:41 - [TEST_STEP][PASSED] - openBrowser(""): Browser is opened with url: ''

2022-05-23 18:55:41 - [MESSAGE][WARNING] - A browser is already opened. Closing browser and opening a new one

2022-05-23 18:55:42 - [MESSAGE][INFO] - Starting 'Chrome' driver

2022-05-23 18:55:42 - [MESSAGE][INFO] - Action delay is set to 0 milliseconds

2022-05-23 18:55:44 - [MESSAGE][PASSED] - Browser is opened with url: ''

2022-05-23 18:55:44 - [TEST_STEP][PASSED] - navigateToUrl("https://mail7.io/"): Navigate to 'https://mail7.io/' successfully

2022-05-23 18:55:47 - [MESSAGE][PASSED] - Navigate to 'https://mail7.io/' successfully

2022-05-23 18:55:47 - [TEST_STEP][PASSED] - setText(findTestObject("Object Repository/Page_Mail 7 - Email workflow testing tool w_96df2e/input_QA Developers_username"), email): Text 'alami741@mail7.io' is set on object 'Object Repository/Page_Mail 7 - Email workflow testing tool w_96df2e/input_QA Developers_username'

2022-05-23 18:55:47 - [MESSAGE][PASSED] - Text 'alami741@mail7.io' is set on object 'Object Repository/Page_Mail 7 - Email workflow testing tool w_96df2e/input_QA Developers_username'

2022-05-23 18:55:47 - [TEST_STEP][PASSED] - click(findTestObject("Object Repository/Page_Mail 7 - Email workflow testing tool w_96df2e/input_mail7.io_button is-primary w-50")): Object: 'Object Repository/Page_Mail 7 - Email workflow testing tool w_96df2e/input_mail7.io_button is-primary w-50' is clicked on

2022-05-23 18:55:53 - [MESSAGE][PASSED] - Object: 'Object Repository/Page_Mail 7 - Email workflow testing tool w_96df2e/input_mail7.io_button is-primary w-50' is clicked on

2022-05-23 18:55:53 - [TEST_STEP][PASSED] - click(findTestObject("Object Repository/Page_Mail 7 - Dashboard/p_Mina  ALAMI  no-replyalamisharia.co.id")): Object: 'Object Repository/Page_Mail 7 - Dashboard/p_Mina  ALAMI  no-replyalamisharia.co.id' is clicked on

2022-05-23 18:55:55 - [MESSAGE][PASSED] - Object: 'Object Repository/Page_Mail 7 - Dashboard/p_Mina  ALAMI  no-replyalamisharia.co.id' is clicked on

2022-05-23 18:55:55 - [TEST_STEP][PASSED] - click(findTestObject("Object Repository/Page_Mail 7 - Dashboard/td_Assalamualaikum                                                    alami")): Object: 'Object Repository/Page_Mail 7 - Dashboard/td_Assalamualaikum                                                    alami' is clicked on

2022-05-23 18:55:57 - [MESSAGE][PASSED] - Object: 'Object Repository/Page_Mail 7 - Dashboard/td_Assalamualaikum                                                    alami' is clicked on

2022-05-23 18:55:57 - [TEST_STEP][PASSED] - switchToWindowTitle("Mail 7 - Dashboard"): Switched to window with title: 'Mail 7 - Dashboard'

2022-05-23 18:55:57 - [MESSAGE][PASSED] - Switched to window with title: 'Mail 7 - Dashboard'

2022-05-23 18:55:57 - [TEST_STEP][PASSED] - click(findTestObject("Object Repository/Page_Mail 7 - Dashboard/a_Klik Untuk Aktivasi Email  Log-in (1)")): Object: 'Object Repository/Page_Mail 7 - Dashboard/a_Klik Untuk Aktivasi Email  Log-in (1)' is clicked on

2022-05-23 18:55:57 - [MESSAGE][PASSED] - Object: 'Object Repository/Page_Mail 7 - Dashboard/a_Klik Untuk Aktivasi Email  Log-in (1)' is clicked on

2022-05-23 18:55:57 - [TEST_STEP][PASSED] - switchToWindowIndex(1): Switched to window with index: '1'

2022-05-23 18:55:57 - [MESSAGE][PASSED] - Switched to window with index: '1'

2022-05-23 18:55:57 - [TEST_STEP][PASSED] - click(findTestObject("Object Repository/Page_Daftar Sebagai Pemberi Dana  ALAMI Pee_40e437/a_Masuk ke Akun Saya")): Object: 'Object Repository/Page_Daftar Sebagai Pemberi Dana  ALAMI Pee_40e437/a_Masuk ke Akun Saya' is clicked on

2022-05-23 18:56:01 - [MESSAGE][PASSED] - Object: 'Object Repository/Page_Daftar Sebagai Pemberi Dana  ALAMI Pee_40e437/a_Masuk ke Akun Saya' is clicked on]]></system-out>
         <system-err><![CDATA[]]></system-err>
      </testcase>
      <testcase name="Test Cases/login" time="6.13" classname="Test Cases/login" status="PASSED">
         <system-out><![CDATA[2022-05-23 18:56:01 - [TEST_CASE][PASSED] - Test Cases/login: Test Cases/login

2022-05-23 18:56:01 - [TEST_STEP][PASSED] - openBrowser(""): Browser is opened with url: ''

2022-05-23 18:56:01 - [MESSAGE][WARNING] - A browser is already opened. Closing browser and opening a new one

2022-05-23 18:56:02 - [MESSAGE][INFO] - Starting 'Chrome' driver

2022-05-23 18:56:02 - [MESSAGE][INFO] - Action delay is set to 0 milliseconds

2022-05-23 18:56:03 - [MESSAGE][PASSED] - Browser is opened with url: ''

2022-05-23 18:56:03 - [TEST_STEP][PASSED] - navigateToUrl("https://dev.p2p.alamisharia.co.id/"): Navigate to 'https://dev.p2p.alamisharia.co.id/' successfully

2022-05-23 18:56:05 - [MESSAGE][PASSED] - Navigate to 'https://dev.p2p.alamisharia.co.id/' successfully

2022-05-23 18:56:05 - [TEST_STEP][PASSED] - setText(findTestObject("Object Repository/Page_Login  ALAMI Peer-to-Peer Lending Syariah/input_Assalamualaikum_username"), email): Text 'alami741@mail7.io' is set on object 'Object Repository/Page_Login  ALAMI Peer-to-Peer Lending Syariah/input_Assalamualaikum_username'

2022-05-23 18:56:06 - [MESSAGE][PASSED] - Text 'alami741@mail7.io' is set on object 'Object Repository/Page_Login  ALAMI Peer-to-Peer Lending Syariah/input_Assalamualaikum_username'

2022-05-23 18:56:06 - [TEST_STEP][PASSED] - setEncryptedText(findTestObject("Object Repository/Page_Login  ALAMI Peer-to-Peer Lending Syariah/input_Assalamualaikum_password"), "qoEw0cfPgy3c6UpBNaFY9w=="): Text ****** has been set on object 'Object Repository/Page_Login  ALAMI Peer-to-Peer Lending Syariah/input_Assalamualaikum_password'

2022-05-23 18:56:06 - [MESSAGE][PASSED] - Text ****** has been set on object 'Object Repository/Page_Login  ALAMI Peer-to-Peer Lending Syariah/input_Assalamualaikum_password'

2022-05-23 18:56:06 - [TEST_STEP][PASSED] - click(findTestObject("Object Repository/Page_Login  ALAMI Peer-to-Peer Lending Syariah/a_Masuk Ke Akun Saya")): Object: 'Object Repository/Page_Login  ALAMI Peer-to-Peer Lending Syariah/a_Masuk Ke Akun Saya' is clicked on

2022-05-23 18:56:07 - [MESSAGE][PASSED] - Object: 'Object Repository/Page_Login  ALAMI Peer-to-Peer Lending Syariah/a_Masuk Ke Akun Saya' is clicked on]]></system-out>
         <system-err><![CDATA[]]></system-err>
      </testcase>
      <system-out><![CDATA[2022-05-23 18:55:07 - [TEST_SUITE][PASSED] - alami: Test Cases/login]]></system-out>
      <system-err><![CDATA[]]></system-err>
   </testsuite>
</testsuites>
